\BOOKMARK [1][-]{section.1}{\376\377\000I\000n\000t\000r\000o\000d\000u\000c\000t\000i\000o\000n}{}% 1
\BOOKMARK [1][-]{section.2}{\376\377\000E\000x\000e\000r\000c\000i\000s\000e\000\040\0001\000:\000\040\000I\000n\000c\000l\000u\000d\000i\000n\000g\000\040\000C\000u\000s\000t\000o\000m\000\040\000I\000m\000a\000g\000e\000s}{}% 2
\BOOKMARK [2][-]{subsection.2.1}{\376\377\000I\000n\000c\000l\000u\000d\000i\000n\000g\000\040\000a\000\040\000P\000N\000G\000\040\000I\000m\000a\000g\000e}{section.2}% 3
\BOOKMARK [2][-]{subsection.2.2}{\376\377\000I\000n\000c\000l\000u\000d\000i\000n\000g\000\040\000a\000\040\000P\000D\000F\000\040\000I\000m\000a\000g\000e}{section.2}% 4
\BOOKMARK [2][-]{subsection.2.3}{\376\377\000M\000u\000l\000t\000i\000p\000l\000e\000\040\000I\000m\000a\000g\000e\000s\000\040\000S\000i\000d\000e\000\040\000b\000y\000\040\000S\000i\000d\000e}{section.2}% 5
\BOOKMARK [1][-]{section.3}{\376\377\000E\000x\000e\000r\000c\000i\000s\000e\000\040\0002\000:\000\040\000E\000x\000p\000l\000o\000r\000i\000n\000g\000\040\000I\000m\000a\000g\000e\000\040\000O\000p\000t\000i\000o\000n\000s}{}% 6
\BOOKMARK [2][-]{subsection.3.1}{\376\377\000H\000e\000i\000g\000h\000t\000\040\000a\000n\000d\000\040\000W\000i\000d\000t\000h\000\040\000O\000p\000t\000i\000o\000n\000s}{section.3}% 7
\BOOKMARK [2][-]{subsection.3.2}{\376\377\000R\000o\000t\000a\000t\000i\000o\000n\000\040\000O\000p\000t\000i\000o\000n\000s}{section.3}% 8
\BOOKMARK [2][-]{subsection.3.3}{\376\377\000S\000c\000a\000l\000e\000\040\000O\000p\000t\000i\000o\000n\000s}{section.3}% 9
\BOOKMARK [1][-]{section.4}{\376\377\000E\000x\000e\000r\000c\000i\000s\000e\000\040\0003\000:\000\040\000R\000e\000l\000a\000t\000i\000v\000e\000\040\000S\000i\000z\000i\000n\000g\000\040\000w\000i\000t\000h\000\040\000\134\000t\000e\000x\000t\000w\000i\000d\000t\000h\000\040\000a\000n\000d\000\040\000\134\000l\000i\000n\000e\000w\000i\000d\000t\000h}{}% 10
\BOOKMARK [2][-]{subsection.4.1}{\376\377\000S\000i\000n\000g\000l\000e\000\040\000C\000o\000l\000u\000m\000n\000\040\000M\000o\000d\000e}{section.4}% 11
\BOOKMARK [2][-]{subsection.4.2}{\376\377\000T\000e\000s\000t\000i\000n\000g\000\040\000w\000i\000t\000h\000\040\000t\000w\000o\000c\000o\000l\000u\000m\000n\000\040\000O\000p\000t\000i\000o\000n}{section.4}% 12
\BOOKMARK [1][-]{section.5}{\376\377\000E\000x\000e\000r\000c\000i\000s\000e\000\040\0004\000:\000\040\000F\000l\000o\000a\000t\000\040\000P\000l\000a\000c\000e\000m\000e\000n\000t\000\040\000w\000i\000t\000h\000\040\000l\000i\000p\000s\000u\000m}{}% 13
\BOOKMARK [2][-]{subsection.5.1}{\376\377\000U\000s\000i\000n\000g\000\040\000[\000h\000]\000\040\000\050\000h\000e\000r\000e\000\051\000\040\000s\000p\000e\000c\000i\000f\000i\000e\000r}{section.5}% 14
\BOOKMARK [2][-]{subsection.5.2}{\376\377\000U\000s\000i\000n\000g\000\040\000[\000t\000]\000\040\000\050\000t\000o\000p\000\051\000\040\000s\000p\000e\000c\000i\000f\000i\000e\000r}{section.5}% 15
\BOOKMARK [2][-]{subsection.5.3}{\376\377\000U\000s\000i\000n\000g\000\040\000[\000b\000]\000\040\000\050\000b\000o\000t\000t\000o\000m\000\051\000\040\000s\000p\000e\000c\000i\000f\000i\000e\000r}{section.5}% 16
\BOOKMARK [2][-]{subsection.5.4}{\376\377\000U\000s\000i\000n\000g\000\040\000[\000p\000]\000\040\000\050\000p\000a\000g\000e\000\040\000o\000f\000\040\000f\000l\000o\000a\000t\000s\000\051\000\040\000s\000p\000e\000c\000i\000f\000i\000e\000r}{section.5}% 17
\BOOKMARK [2][-]{subsection.5.5}{\376\377\000U\000s\000i\000n\000g\000\040\000[\000h\000t\000b\000p\000]\000\040\000\050\000a\000l\000l\000\040\000o\000p\000t\000i\000o\000n\000s\000\051\000\040\000s\000p\000e\000c\000i\000f\000i\000e\000r}{section.5}% 18
\BOOKMARK [2][-]{subsection.5.6}{\376\377\000U\000s\000i\000n\000g\000\040\000[\000H\000]\000\040\000\050\000a\000b\000s\000o\000l\000u\000t\000e\000\040\000h\000e\000r\000e\000\051\000\040\000f\000r\000o\000m\000\040\000f\000l\000o\000a\000t\000\040\000p\000a\000c\000k\000a\000g\000e}{section.5}% 19
\BOOKMARK [1][-]{section.6}{\376\377\000E\000x\000e\000r\000c\000i\000s\000e\000\040\0005\000:\000\040\000N\000u\000m\000b\000e\000r\000e\000d\000\040\000P\000a\000r\000t\000s\000\040\000a\000n\000d\000\040\000L\000a\000b\000e\000l\000\040\000B\000e\000h\000a\000v\000i\000o\000r}{}% 20
\BOOKMARK [2][-]{subsection.6.1}{\376\377\000S\000e\000c\000t\000i\000o\000n\000s\000\040\000a\000n\000d\000\040\000S\000u\000b\000s\000e\000c\000t\000i\000o\000n\000s}{section.6}% 21
\BOOKMARK [2][-]{subsection.6.2}{\376\377\000E\000n\000u\000m\000e\000r\000a\000t\000e\000d\000\040\000L\000i\000s\000t\000s}{section.6}% 22
\BOOKMARK [2][-]{subsection.6.3}{\376\377\000E\000q\000u\000a\000t\000i\000o\000n\000s}{section.6}% 23
\BOOKMARK [1][-]{section.7}{\376\377\000E\000x\000e\000r\000c\000i\000s\000e\000\040\0006\000:\000\040\000L\000a\000b\000e\000l\000\040\000P\000l\000a\000c\000e\000m\000e\000n\000t\000\040\000B\000e\000f\000o\000r\000e\000\040\000C\000a\000p\000t\000i\000o\000n}{}% 24
\BOOKMARK [2][-]{subsection.7.1}{\376\377\000C\000o\000r\000r\000e\000c\000t\000\040\000L\000a\000b\000e\000l\000\040\000P\000l\000a\000c\000e\000m\000e\000n\000t\000\040\000\050\000a\000f\000t\000e\000r\000\040\000c\000a\000p\000t\000i\000o\000n\000\051}{section.7}% 25
\BOOKMARK [2][-]{subsection.7.2}{\376\377\000I\000n\000c\000o\000r\000r\000e\000c\000t\000\040\000L\000a\000b\000e\000l\000\040\000P\000l\000a\000c\000e\000m\000e\000n\000t\000\040\000\050\000b\000e\000f\000o\000r\000e\000\040\000c\000a\000p\000t\000i\000o\000n\000\051}{section.7}% 26
\BOOKMARK [2][-]{subsection.7.3}{\376\377\000E\000x\000p\000l\000a\000n\000a\000t\000i\000o\000n}{section.7}% 27
\BOOKMARK [1][-]{section.8}{\376\377\000E\000x\000e\000r\000c\000i\000s\000e\000\040\0007\000:\000\040\000L\000a\000b\000e\000l\000\040\000A\000f\000t\000e\000r\000\040\000\134\000e\000n\000d\000\173\000e\000q\000u\000a\000t\000i\000o\000n\000\175}{}% 28
\BOOKMARK [2][-]{subsection.8.1}{\376\377\000C\000o\000r\000r\000e\000c\000t\000\040\000L\000a\000b\000e\000l\000\040\000P\000l\000a\000c\000e\000m\000e\000n\000t\000\040\000\050\000i\000n\000s\000i\000d\000e\000\040\000e\000q\000u\000a\000t\000i\000o\000n\000\051}{section.8}% 29
\BOOKMARK [2][-]{subsection.8.2}{\376\377\000I\000n\000c\000o\000r\000r\000e\000c\000t\000\040\000L\000a\000b\000e\000l\000\040\000P\000l\000a\000c\000e\000m\000e\000n\000t\000\040\000\050\000a\000f\000t\000e\000r\000\040\000\134\000e\000n\000d\000\173\000e\000q\000u\000a\000t\000i\000o\000n\000\175\000\051}{section.8}% 30
\BOOKMARK [2][-]{subsection.8.3}{\376\377\000E\000x\000p\000l\000a\000n\000a\000t\000i\000o\000n}{section.8}% 31
